This is pdfTeX, Version 3.141592653-2.6-1.40.26 (MiKTeX 24.4) (preloaded format=pdflatex 2025.1.10)  21 JAN 2025 12:29
entering extended mode
 restricted \write18 enabled.
 file:line:error style messages enabled.
 %&-line parsing enabled.
**c:/Users/fiste/Documents/GitHub/LaTeX_School_Kantonsschule/German/Epochen/Frauenliteratur/summary.tex
(c:/Users/fiste/Documents/GitHub/LaTeX_School_Kantonsschule/German/Epochen/Frauenliteratur/summary.tex
LaTeX2e <2024-11-01> patch level 1
L3 programming layer <2024-12-09>
(C:\Users\fiste\AppData\Local\Programs\MiKTeX\tex/latex/base\article.cls
Document Class: article 2024/06/29 v1.4n Standard LaTeX document class
(C:\Users\fiste\AppData\Local\Programs\MiKTeX\tex/latex/base\size10.clo
File: size10.clo 2024/06/29 v1.4n Standard LaTeX file (size option)
)
\c@part=\count196
\c@section=\count197
\c@subsection=\count198
\c@subsubsection=\count199
\c@paragraph=\count266
\c@subparagraph=\count267
\c@figure=\count268
\c@table=\count269
\abovecaptionskip=\skip49
\belowcaptionskip=\skip50
\bibindent=\dimen141
) (C:\Users\fiste\AppData\Local\Programs\MiKTeX\tex/latex/graphics\graphicx.sty
Package: graphicx 2021/09/16 v1.2d Enhanced LaTeX Graphics (DPC,SPQR)
 (C:\Users\fiste\AppData\Local\Programs\MiKTeX\tex/latex/graphics\keyval.sty
Package: keyval 2022/05/29 v1.15 key=value parser (DPC)
\KV@toks@=\toks17
) (C:\Users\fiste\AppData\Local\Programs\MiKTeX\tex/latex/graphics\graphics.sty
Package: graphics 2024/08/06 v1.4g Standard LaTeX Graphics (DPC,SPQR)
 (C:\Users\fiste\AppData\Local\Programs\MiKTeX\tex/latex/graphics\trig.sty
Package: trig 2023/12/02 v1.11 sin cos tan (DPC)
) (C:\Users\fiste\AppData\Local\Programs\MiKTeX\tex/latex/graphics-cfg\graphics.cfg
File: graphics.cfg 2016/06/04 v1.11 sample graphics configuration
)
Package graphics Info: Driver file: pdftex.def on input line 106.
 (C:\Users\fiste\AppData\Local\Programs\MiKTeX\tex/latex/graphics-def\pdftex.def
File: pdftex.def 2024/04/13 v1.2c Graphics/color driver for pdftex
))
\Gin@req@height=\dimen142
\Gin@req@width=\dimen143
) (C:\Users\fiste\AppData\Local\Programs\MiKTeX\tex/latex/enumitem\enumitem.sty
Package: enumitem 2019/06/20 v3.9 Customized lists
\labelindent=\skip51
\enit@outerparindent=\dimen144
\enit@toks=\toks18
\enit@inbox=\box52
\enit@count@id=\count270
\enitdp@description=\count271
) (C:\Users\fiste\AppData\Local\Programs\MiKTeX\tex/latex/pdfpages\pdfpages.sty
Package: pdfpages 2024/10/28 v0.6c Insert pages of external PDF documents (AM)
 (C:\Users\fiste\AppData\Local\Programs\MiKTeX\tex/latex/base\ifthen.sty
Package: ifthen 2024/03/16 v1.1e Standard LaTeX ifthen package (DPC)
) (C:\Users\fiste\AppData\Local\Programs\MiKTeX\tex/latex/tools\calc.sty
Package: calc 2023/07/08 v4.3 Infix arithmetic (KKT,FJ)
\calc@Acount=\count272
\calc@Bcount=\count273
\calc@Adimen=\dimen145
\calc@Bdimen=\dimen146
\calc@Askip=\skip52
\calc@Bskip=\skip53
LaTeX Info: Redefining \setlength on input line 80.
LaTeX Info: Redefining \addtolength on input line 81.
\calc@Ccount=\count274
\calc@Cskip=\skip54
) (C:\Users\fiste\AppData\Local\Programs\MiKTeX\tex/latex/eso-pic\eso-pic.sty
Package: eso-pic 2023/05/03 v3.0c eso-pic (RN)
\ESO@tempdima=\dimen147
\ESO@tempdimb=\dimen148
 (C:\Users\fiste\AppData\Local\Programs\MiKTeX\tex/latex/xcolor\xcolor.sty
Package: xcolor 2024/09/29 v3.02 LaTeX color extensions (UK)
 (C:\Users\fiste\AppData\Local\Programs\MiKTeX\tex/latex/graphics-cfg\color.cfg
File: color.cfg 2016/01/02 v1.6 sample color configuration
)
Package xcolor Info: Driver file: pdftex.def on input line 274.
 (C:\Users\fiste\AppData\Local\Programs\MiKTeX\tex/latex/graphics\mathcolor.ltx)
Package xcolor Info: Model `cmy' substituted by `cmy0' on input line 1349.
Package xcolor Info: Model `hsb' substituted by `rgb' on input line 1353.
Package xcolor Info: Model `RGB' extended on input line 1365.
Package xcolor Info: Model `HTML' substituted by `rgb' on input line 1367.
Package xcolor Info: Model `Hsb' substituted by `hsb' on input line 1368.
Package xcolor Info: Model `tHsb' substituted by `hsb' on input line 1369.
Package xcolor Info: Model `HSB' substituted by `hsb' on input line 1370.
Package xcolor Info: Model `Gray' substituted by `gray' on input line 1371.
Package xcolor Info: Model `wave' substituted by `hsb' on input line 1372.
))
\AM@pagewidth=\dimen149
\AM@pageheight=\dimen150
\AM@fboxrule=\dimen151
 (C:\Users\fiste\AppData\Local\Programs\MiKTeX\tex/latex/pdfpages\pppdftex.def
File: pppdftex.def 2024/10/28 v0.6c Pdfpages driver for pdfTeX (AM)
)
\pdfpages@includegraphics@status=\count275
\AM@pagebox=\box53
\AM@global@opts=\toks19
\AM@pagecnt=\count276
\AM@toc@title=\toks20
\AM@lof@heading=\toks21
\c@AM@survey=\count277
\AM@templatesizebox=\box54
) (C:\Users\fiste\AppData\Local\Programs\MiKTeX\tex/latex/geometry\geometry.sty
Package: geometry 2020/01/02 v5.9 Page Geometry
 (C:\Users\fiste\AppData\Local\Programs\MiKTeX\tex/generic/iftex\ifvtex.sty
Package: ifvtex 2019/10/25 v1.7 ifvtex legacy package. Use iftex instead.
 (C:\Users\fiste\AppData\Local\Programs\MiKTeX\tex/generic/iftex\iftex.sty
Package: iftex 2024/12/12 v1.0g TeX engine tests
))
\Gm@cnth=\count278
\Gm@cntv=\count279
\c@Gm@tempcnt=\count280
\Gm@bindingoffset=\dimen152
\Gm@wd@mp=\dimen153
\Gm@odd@mp=\dimen154
\Gm@even@mp=\dimen155
\Gm@layoutwidth=\dimen156
\Gm@layoutheight=\dimen157
\Gm@layouthoffset=\dimen158
\Gm@layoutvoffset=\dimen159
\Gm@dimlist=\toks22
 (C:\Users\fiste\AppData\Local\Programs\MiKTeX\tex/latex/geometry\geometry.cfg)) (C:\Users\fiste\AppData\Local\Programs\MiKTeX\tex/generic/babel\babel.sty
Package: babel 2025/01/01 v25.1 The multilingual framework for pdfLaTeX, LuaLaTeX and XeLaTeX
\babel@savecnt=\count281
\U@D=\dimen160
\l@unhyphenated=\language79
 (C:\Users\fiste\AppData\Local\Programs\MiKTeX\tex/generic/babel\txtbabel.def)
\bbl@readstream=\read2
\bbl@dirlevel=\count282

*************************************
* Local config file bblopts.cfg used
*
(C:\Users\fiste\AppData\Local\Programs\MiKTeX\tex/latex/arabi\bblopts.cfg
File: bblopts.cfg 2005/09/08 v0.1 add Arabic and Farsi to "declared" options of babel
) (C:\Users\fiste\AppData\Local\Programs\MiKTeX\tex/latex/babel-english\english.ldf
Language: english 2017/06/06 v3.3r English support from the babel system
Package babel Info: Hyphen rules for 'canadian' set to \l@english
(babel)             (\language0). Reported on input line 102.
Package babel Info: Hyphen rules for 'australian' set to \l@ukenglish
(babel)             (\language73). Reported on input line 105.
Package babel Info: Hyphen rules for 'newzealand' set to \l@ukenglish
(babel)             (\language73). Reported on input line 108.
)) (C:\Users\fiste\AppData\Local\Programs\MiKTeX\tex/generic/babel/locale/en\babel-english.tex
Package babel Info: Importing font and identification data for english
(babel)             from babel-en.ini. Reported on input line 11.
) (C:\Users\fiste\AppData\Local\Programs\MiKTeX\tex/latex/fancyhdr\fancyhdr.sty
Package: fancyhdr 2025/01/07 v5.1.1 Extensive control of page headers and footers
\f@nch@headwidth=\skip55
\f@nch@offset@elh=\skip56
\f@nch@offset@erh=\skip57
\f@nch@offset@olh=\skip58
\f@nch@offset@orh=\skip59
\f@nch@offset@elf=\skip60
\f@nch@offset@erf=\skip61
\f@nch@offset@olf=\skip62
\f@nch@offset@orf=\skip63
\f@nch@height=\skip64
\f@nch@footalignment=\skip65
\f@nch@widthL=\skip66
\f@nch@widthC=\skip67
\f@nch@widthR=\skip68
\@temptokenb=\toks23
) (C:\Users\fiste\AppData\Local\Programs\MiKTeX\tex/latex/l3backend\l3backend-pdftex.def
File: l3backend-pdftex.def 2024-05-08 L3 backend support: PDF output (pdfTeX)
\l__color_backend_stack_int=\count283
\l__pdf_internal_box=\box55
) (summary.aux)
\openout1 = `summary.aux'.

LaTeX Font Info:    Checking defaults for OML/cmm/m/it on input line 24.
LaTeX Font Info:    ... okay on input line 24.
LaTeX Font Info:    Checking defaults for OMS/cmsy/m/n on input line 24.
LaTeX Font Info:    ... okay on input line 24.
LaTeX Font Info:    Checking defaults for OT1/cmr/m/n on input line 24.
LaTeX Font Info:    ... okay on input line 24.
LaTeX Font Info:    Checking defaults for T1/cmr/m/n on input line 24.
LaTeX Font Info:    ... okay on input line 24.
LaTeX Font Info:    Checking defaults for TS1/cmr/m/n on input line 24.
LaTeX Font Info:    ... okay on input line 24.
LaTeX Font Info:    Checking defaults for OMX/cmex/m/n on input line 24.
LaTeX Font Info:    ... okay on input line 24.
LaTeX Font Info:    Checking defaults for U/cmr/m/n on input line 24.
LaTeX Font Info:    ... okay on input line 24.
 (C:\Users\fiste\AppData\Local\Programs\MiKTeX\tex/context/base/mkii\supp-pdf.mkii
[Loading MPS to PDF converter (version 2006.09.02).]
\scratchcounter=\count284
\scratchdimen=\dimen161
\scratchbox=\box56
\nofMPsegments=\count285
\nofMParguments=\count286
\everyMPshowfont=\toks24
\MPscratchCnt=\count287
\MPscratchDim=\dimen162
\MPnumerator=\count288
\makeMPintoPDFobject=\count289
\everyMPtoPDFconversion=\toks25
) (C:\Users\fiste\AppData\Local\Programs\MiKTeX\tex/latex/epstopdf-pkg\epstopdf-base.sty
Package: epstopdf-base 2020-01-24 v2.11 Base part for package epstopdf
Package epstopdf-base Info: Redefining graphics rule for `.eps' on input line 485.
 (C:\Users\fiste\AppData\Local\Programs\MiKTeX\tex/latex/00miktex\epstopdf-sys.cfg
File: epstopdf-sys.cfg 2021/03/18 v2.0 Configuration of epstopdf for MiKTeX
)) (C:\Users\fiste\AppData\Local\Programs\MiKTeX\tex/latex/pdflscape\pdflscape.sty
Package: pdflscape 2022-10-27 v0.13 Display of landscape pages in PDF
 (C:\Users\fiste\AppData\Local\Programs\MiKTeX\tex/latex/pdflscape\pdflscape-nometadata.sty
Package: pdflscape-nometadata 2022-10-28 v0.13 Display of landscape pages in PDF (HO)
 (C:\Users\fiste\AppData\Local\Programs\MiKTeX\tex/latex/graphics\lscape.sty
Package: lscape 2020/05/28 v3.02 Landscape Pages (DPC)
)
Package pdflscape Info: Auto-detected driver: pdftex on input line 81.
))
*geometry* driver: auto-detecting
*geometry* detected driver: pdftex
*geometry* verbose mode - [ preamble ] result:
* driver: pdftex
* paper: a4paper
* layout: <same size as paper>
* layoutoffset:(h,v)=(0.0pt,0.0pt)
* modes: 
* h-part:(L,W,R)=(72.26999pt, 452.9679pt, 72.26999pt)
* v-part:(T,H,B)=(72.26999pt, 700.50687pt, 72.26999pt)
* \paperwidth=597.50787pt
* \paperheight=845.04684pt
* \textwidth=452.9679pt
* \textheight=700.50687pt
* \oddsidemargin=0.0pt
* \evensidemargin=0.0pt
* \topmargin=-37.0pt
* \headheight=12.0pt
* \headsep=25.0pt
* \topskip=10.0pt
* \footskip=30.0pt
* \marginparwidth=65.0pt
* \marginparsep=11.0pt
* \columnsep=10.0pt
* \skip\footins=9.0pt plus 4.0pt minus 2.0pt
* \hoffset=0.0pt
* \voffset=0.0pt
* \mag=1000
* \@twocolumnfalse
* \@twosidefalse
* \@mparswitchfalse
* \@reversemarginfalse
* (1in=72.27pt=25.4mm, 1cm=28.453pt)

LaTeX Font Info:    External font `cmex10' loaded for size
(Font)              <12> on input line 25.
LaTeX Font Info:    External font `cmex10' loaded for size
(Font)              <8> on input line 25.
LaTeX Font Info:    External font `cmex10' loaded for size
(Font)              <6> on input line 25.


[1

{C:/Users/fiste/AppData/Local/MiKTeX/fonts/map/pdftex/pdftex.map}]

pdfTeX warning: pdflatex (file ./resources/pdf/Kurzgeschichten.pdf): PDF inclusion: found PDF version <1.7>, but at most version <1.5> allowed
<resources/pdf/Kurzgeschichten.pdf, id=7, 597.4822pt x 845.1575pt>
File: resources/pdf/Kurzgeschichten.pdf Graphic file (type pdf)
<use resources/pdf/Kurzgeschichten.pdf>
Package pdftex.def Info: resources/pdf/Kurzgeschichten.pdf  used on input line 55.
(pdftex.def)             Requested size: 597.48073pt x 845.15544pt.


pdfTeX warning: pdflatex (file ./resources/pdf/Kurzgeschichten.pdf): PDF inclusion: found PDF version <1.7>, but at most version <1.5> allowed
File: resources/pdf/Kurzgeschichten.pdf Graphic file (type pdf)
<use resources/pdf/Kurzgeschichten.pdf>
Package pdftex.def Info: resources/pdf/Kurzgeschichten.pdf  used on input line 55.
(pdftex.def)             Requested size: 597.48073pt x 845.15544pt.


pdfTeX warning: pdflatex (file ./resources/pdf/Kurzgeschichten.pdf): PDF inclusion: found PDF version <1.7>, but at most version <1.5> allowed


pdfTeX warning: pdflatex (file ./resources/pdf/Kurzgeschichten.pdf): PDF inclusion: found PDF version <1.7>, but at most version <1.5> allowed
<resources/pdf/Kurzgeschichten.pdf, id=10, page=1, 597.4822pt x 845.1575pt>
File: resources/pdf/Kurzgeschichten.pdf Graphic file (type pdf)
<use resources/pdf/Kurzgeschichten.pdf, page 1>
Package pdftex.def Info: resources/pdf/Kurzgeschichten.pdf , page1 used on input line 55.
(pdftex.def)             Requested size: 597.48073pt x 845.15544pt.
File: resources/pdf/Kurzgeschichten.pdf Graphic file (type pdf)
<use resources/pdf/Kurzgeschichten.pdf, page 1>
Package pdftex.def Info: resources/pdf/Kurzgeschichten.pdf , page1 used on input line 55.
(pdftex.def)             Requested size: 537.729pt x 760.63474pt.


[2]
File: resources/pdf/Kurzgeschichten.pdf Graphic file (type pdf)
<use resources/pdf/Kurzgeschichten.pdf, page 1>
Package pdftex.def Info: resources/pdf/Kurzgeschichten.pdf , page1 used on input line 55.
(pdftex.def)             Requested size: 537.729pt x 760.63474pt.
File: resources/pdf/Kurzgeschichten.pdf Graphic file (type pdf)
<use resources/pdf/Kurzgeschichten.pdf, page 1>
Package pdftex.def Info: resources/pdf/Kurzgeschichten.pdf , page1 used on input line 55.
(pdftex.def)             Requested size: 537.729pt x 760.63474pt.


pdfTeX warning: pdflatex (file ./resources/pdf/Kurzgeschichten.pdf): PDF inclusion: found PDF version <1.7>, but at most version <1.5> allowed
<resources/pdf/Kurzgeschichten.pdf, id=15, page=2, 597.4822pt x 845.1575pt>
File: resources/pdf/Kurzgeschichten.pdf Graphic file (type pdf)
<use resources/pdf/Kurzgeschichten.pdf, page 2>
Package pdftex.def Info: resources/pdf/Kurzgeschichten.pdf , page2 used on input line 55.
(pdftex.def)             Requested size: 537.729pt x 760.63474pt.
File: resources/pdf/Kurzgeschichten.pdf Graphic file (type pdf)
<use resources/pdf/Kurzgeschichten.pdf, page 2>
Package pdftex.def Info: resources/pdf/Kurzgeschichten.pdf , page2 used on input line 55.
(pdftex.def)             Requested size: 537.729pt x 760.63474pt.


File: resources/pdf/Kurzgeschichten.pdf Graphic file (type pdf)
<use resources/pdf/Kurzgeschichten.pdf, page 1>
Package pdftex.def Info: resources/pdf/Kurzgeschichten.pdf , page1 used on input line 55.
(pdftex.def)             Requested size: 537.729pt x 760.63474pt.
File: resources/pdf/Kurzgeschichten.pdf Graphic file (type pdf)
<use resources/pdf/Kurzgeschichten.pdf, page 2>
Package pdftex.def Info: resources/pdf/Kurzgeschichten.pdf , page2 used on input line 55.
(pdftex.def)             Requested size: 537.729pt x 760.63474pt.
[3

 <./resources/pdf/Kurzgeschichten.pdf> <./resources/pdf/Kurzgeschichten.pdf

pdfTeX warning: pdflatex (file ./resources/pdf/Kurzgeschichten.pdf): PDF inclusion: multiple pdfs with page group included in a single page
>]
Overfull \hbox (3.06068pt too wide) in paragraph at lines 63--64
\OT1/cmr/m/n/10 mehrheitlich weis-sen M^^?annern ^^?uberlassen und Unterhaltung- und Kinder-lit-er-atur wird je-doch mehrheiltich
 []


Underfull \hbox (badness 10000) in paragraph at lines 63--64

 []

LaTeX Font Info:    External font `cmex10' loaded for size
(Font)              <7> on input line 65.
LaTeX Font Info:    External font `cmex10' loaded for size
(Font)              <5> on input line 65.

Underfull \hbox (badness 10000) in paragraph at lines 80--81

 []



pdfTeX warning: pdflatex (file ./resources/pdf/Lars_Karasek_Aufgabe.pdf): PDF inclusion: found PDF version <1.7>, but at most version <1.5> allowed
<resources/pdf/Lars_Karasek_Aufgabe.pdf, id=45, 597.4822pt x 845.1575pt>
File: resources/pdf/Lars_Karasek_Aufgabe.pdf Graphic file (type pdf)
<use resources/pdf/Lars_Karasek_Aufgabe.pdf>
Package pdftex.def Info: resources/pdf/Lars_Karasek_Aufgabe.pdf  used on input line 104.
(pdftex.def)             Requested size: 597.48073pt x 845.15544pt.


pdfTeX warning: pdflatex (file ./resources/pdf/Lars_Karasek_Aufgabe.pdf): PDF inclusion: found PDF version <1.7>, but at most version <1.5> allowed
File: resources/pdf/Lars_Karasek_Aufgabe.pdf Graphic file (type pdf)
<use resources/pdf/Lars_Karasek_Aufgabe.pdf>
Package pdftex.def Info: resources/pdf/Lars_Karasek_Aufgabe.pdf  used on input line 104.
(pdftex.def)             Requested size: 597.48073pt x 845.15544pt.


pdfTeX warning: pdflatex (file ./resources/pdf/Lars_Karasek_Aufgabe.pdf): PDF inclusion: found PDF version <1.7>, but at most version <1.5> allowed


pdfTeX warning: pdflatex (file ./resources/pdf/Lars_Karasek_Aufgabe.pdf): PDF inclusion: found PDF version <1.7>, but at most version <1.5> allowed
<resources/pdf/Lars_Karasek_Aufgabe.pdf, id=48, page=1, 597.4822pt x 845.1575pt>
File: resources/pdf/Lars_Karasek_Aufgabe.pdf Graphic file (type pdf)
<use resources/pdf/Lars_Karasek_Aufgabe.pdf, page 1>
Package pdftex.def Info: resources/pdf/Lars_Karasek_Aufgabe.pdf , page1 used on input line 104.
(pdftex.def)             Requested size: 597.48073pt x 845.15544pt.
File: resources/pdf/Lars_Karasek_Aufgabe.pdf Graphic file (type pdf)
<use resources/pdf/Lars_Karasek_Aufgabe.pdf, page 1>
Package pdftex.def Info: resources/pdf/Lars_Karasek_Aufgabe.pdf , page1 used on input line 104.
(pdftex.def)             Requested size: 537.729pt x 760.63474pt.


[4]
File: resources/pdf/Lars_Karasek_Aufgabe.pdf Graphic file (type pdf)
<use resources/pdf/Lars_Karasek_Aufgabe.pdf, page 1>
Package pdftex.def Info: resources/pdf/Lars_Karasek_Aufgabe.pdf , page1 used on input line 104.
(pdftex.def)             Requested size: 537.729pt x 760.63474pt.
File: resources/pdf/Lars_Karasek_Aufgabe.pdf Graphic file (type pdf)
<use resources/pdf/Lars_Karasek_Aufgabe.pdf, page 1>
Package pdftex.def Info: resources/pdf/Lars_Karasek_Aufgabe.pdf , page1 used on input line 104.
(pdftex.def)             Requested size: 537.729pt x 760.63474pt.


File: resources/pdf/Lars_Karasek_Aufgabe.pdf Graphic file (type pdf)
<use resources/pdf/Lars_Karasek_Aufgabe.pdf, page 1>
Package pdftex.def Info: resources/pdf/Lars_Karasek_Aufgabe.pdf , page1 used on input line 104.
(pdftex.def)             Requested size: 537.729pt x 760.63474pt.
[5

 <./resources/pdf/Lars_Karasek_Aufgabe.pdf>] (summary.aux)
 ***********
LaTeX2e <2024-11-01> patch level 1
L3 programming layer <2024-12-09>
 ***********
 ) 
Here is how much of TeX's memory you used:
 4980 strings out of 473577
 86170 string characters out of 5716317
 505319 words of memory out of 5000000
 28119 multiletter control sequences out of 15000+600000
 563265 words of font info for 53 fonts, out of 8000000 for 9000
 1141 hyphenation exceptions out of 8191
 68i,18n,79p,384b,441s stack positions out of 10000i,1000n,20000p,200000b,200000s
 <C:\Users\fiste\AppData\Local\MiKTeX\fonts/pk/ljfour/jknappen/ec/dpi600\tcrm1000.pk><C:/Users/fiste/AppData/Local/Programs/MiKTeX/fonts/type1/public/amsfonts/cm/cmbx10.pfb><C:/Users/fiste/AppData/Local/Programs/MiKTeX/fonts/type1/public/amsfonts/cm/cmbx12.pfb><C:/Users/fiste/AppData/Local/Programs/MiKTeX/fonts/type1/public/amsfonts/cm/cmr10.pfb><C:/Users/fiste/AppData/Local/Programs/MiKTeX/fonts/type1/public/amsfonts/cm/cmr12.pfb><C:/Users/fiste/AppData/Local/Programs/MiKTeX/fonts/type1/public/amsfonts/cm/cmsy10.pfb>
Output written on summary.pdf (5 pages, 184581 bytes).
PDF statistics:
 98 PDF objects out of 1000 (max. 8388607)
 0 named destinations out of 1000 (max. 500000)
 46 words of extra memory for PDF output out of 10000 (max. 10000000)

