\BOOKMARK [-1][-]{part.1}{\376\377\000I\000\040\000B\000e\000r\000i\000c\000h\000t}{}% 1
\BOOKMARK [0][-]{chapter.1}{\376\377\000E\000i\000n\000l\000e\000i\000t\000u\000n\000g}{part.1}% 2
\BOOKMARK [1][-]{section.1.1}{\376\377\000A\000u\000f\000g\000a\000b\000e\000s\000t\000e\000l\000l\000u\000n\000g}{chapter.1}% 3
\BOOKMARK [1][-]{section.1.2}{\376\377\000U\000m\000s\000e\000t\000z\000u\000n\000g}{chapter.1}% 4
\BOOKMARK [1][-]{section.1.3}{\376\377\000T\000h\000e\000o\000r\000i\000e}{chapter.1}% 5
\BOOKMARK [2][-]{subsection.1.3.1}{\376\377\000G\000r\000u\000n\000d\000l\000e\000g\000e\000n\000d\000e\000\040\000F\000o\000r\000m\000e\000l\000n}{section.1.3}% 6
\BOOKMARK [2][-]{subsection.1.3.2}{\376\377\000G\000e\000s\000c\000h\000i\000c\000h\000t\000e\000\040\000d\000e\000s\000\040\000L\000a\000u\000t\000s\000p\000r\000e\000c\000h\000e\000r\000s}{section.1.3}% 7
\BOOKMARK [2][-]{subsection.1.3.3}{\376\377\000I\000d\000e\000a\000l\000e\000\040\000B\000a\000u\000w\000e\000i\000s\000e}{section.1.3}% 8
\BOOKMARK [0][-]{chapter.2}{\376\377\000A\000r\000b\000e\000i\000t\000s\000p\000r\000o\000z\000e\000s\000s}{part.1}% 9
\BOOKMARK [1][-]{section.2.1}{\376\377\000M\000a\000t\000e\000r\000i\000a\000l\000\040\000u\000n\000d\000\040\000\334\000b\000e\000r\000l\000e\000g\000u\000n\000g\000e\000n}{chapter.2}% 10
\BOOKMARK [2][-]{subsection.2.1.1}{\376\377\000S\000p\000u\000l\000e}{section.2.1}% 11
\BOOKMARK [2][-]{subsection.2.1.2}{\376\377\000T\000i\000e\000f\000t\000\366\000n\000e\000r\000m\000e\000m\000b\000r\000a\000n}{section.2.1}% 12
\BOOKMARK [2][-]{subsection.2.1.3}{\376\377\000W\000e\000i\000n\000k\000i\000s\000t\000e}{section.2.1}% 13
\BOOKMARK [2][-]{subsection.2.1.4}{\376\377\000T\000i\000e\000f\000t\000\366\000n\000e\000r\000s\000i\000c\000k\000e}{section.2.1}% 14
\BOOKMARK [2][-]{subsection.2.1.5}{\376\377\000H\000o\000c\000h\000t\000\366\000n\000e\000r}{section.2.1}% 15
\BOOKMARK [2][-]{subsection.2.1.6}{\376\377\000B\000a\000s\000s\000r\000e\000f\000l\000e\000x\000r\000o\000h\000r}{section.2.1}% 16
\BOOKMARK [2][-]{subsection.2.1.7}{\376\377\000M\000a\000g\000n\000e\000t\000-\000S\000t\000e\000l\000l\000e\000i\000n\000h\000e\000i\000t}{section.2.1}% 17
\BOOKMARK [2][-]{subsection.2.1.8}{\376\377\000E\000l\000e\000k\000t\000r\000i\000k}{section.2.1}% 18
\BOOKMARK [1][-]{section.2.2}{\376\377\000M\000e\000t\000h\000o\000d\000e\000n}{chapter.2}% 19
\BOOKMARK [0][-]{chapter.3}{\376\377\000R\000e\000s\000u\000l\000t\000a\000t\000e}{part.1}% 20
\BOOKMARK [1][-]{section.3.1}{\376\377\000E\000r\000g\000e\000b\000n\000i\000s\000s\000e\000\040\000T\000i\000e\000f\000t\000\366\000n\000e\000r}{chapter.3}% 21
\BOOKMARK [1][-]{section.3.2}{\376\377\000E\000r\000g\000e\000b\000n\000i\000s\000s\000e\000\040\000H\000o\000c\000h\000t\000\366\000n\000e\000r}{chapter.3}% 22
\BOOKMARK [1][-]{section.3.3}{\376\377\000S\000y\000s\000t\000e\000m\000\040\000m\000i\000t\000\040\000A\000k\000u\000s\000t\000i\000k\000f\000i\000l\000t\000e\000r}{chapter.3}% 23
\BOOKMARK [0][-]{chapter.4}{\376\377\000R\000e\000f\000l\000e\000x\000i\000o\000n}{part.1}% 24
\BOOKMARK [1][-]{section.4.1}{\376\377\000B\000a\000u\000p\000r\000o\000z\000e\000s\000s}{chapter.4}% 25
\BOOKMARK [1][-]{section.4.2}{\376\377\000T\000e\000c\000h\000n\000i\000s\000c\000h\000e\000\040\000E\000r\000k\000e\000n\000n\000t\000n\000i\000s\000s\000e}{chapter.4}% 26
\BOOKMARK [1][-]{section.4.3}{\376\377\000K\000r\000i\000t\000i\000s\000c\000h\000e\000\040\000R\000e\000f\000l\000e\000x\000i\000o\000n\000\040\000d\000e\000s\000\040\000P\000r\000o\000z\000e\000s\000s\000e\000s}{chapter.4}% 27
\BOOKMARK [1][-]{section.4.4}{\376\377\000E\000r\000g\000e\000b\000n\000i\000s}{chapter.4}% 28
\BOOKMARK [-1][-]{part.2}{\376\377\000I\000I\000\040\000B\000a\000u\000d\000o\000k\000u\000m\000e\000n\000t\000a\000t\000i\000o\000n}{}% 29
\BOOKMARK [0][-]{chapter.5}{\376\377\000P\000l\000a\000n}{part.2}% 30
\BOOKMARK [1][-]{section.5.1}{\376\377\000C\000A\000D\000\040\000Z\000e\000i\000c\000h\000n\000u\000n\000g}{chapter.5}% 31
\BOOKMARK [0][-]{chapter.6}{\376\377\000B\000a\000u}{part.2}% 32
\BOOKMARK [1][-]{section.6.1}{\376\377\000b\000e\000\366\000n\000t\000i\000g\000t\000e\000\040\000M\000a\000t\000e\000r\000i\000a\000l\000i\000e\000n}{chapter.6}% 33
\BOOKMARK [1][-]{section.6.2}{\376\377\000B\000a\000u\000a\000n\000l\000e\000i\000t\000u\000n\000g}{chapter.6}% 34
\BOOKMARK [2][-]{subsection.6.2.1}{\376\377\000G\000e\000h\000\344\000u\000s\000e}{section.6.2}% 35
\BOOKMARK [2][-]{subsection.6.2.2}{\376\377\000T\000i\000e\000f\000t\000\366\000n\000e\000r\000g\000e\000s\000t\000e\000l\000l}{section.6.2}% 36
\BOOKMARK [2][-]{subsection.6.2.3}{\376\377\000T\000i\000e\000f\000t\000\366\000n\000e\000r}{section.6.2}% 37
\BOOKMARK [2][-]{subsection.6.2.4}{\376\377\000H\000o\000c\000h\000t\000\366\000n\000e\000r}{section.6.2}% 38
\BOOKMARK [2][-]{subsection.6.2.5}{\376\377\000E\000l\000e\000k\000t\000r\000i\000k}{section.6.2}% 39
